# JRE version: Java(TM) SE Runtime Environment (21.0.4+8) (build 21.0.4+8-LTS-274)
# Java VM: Java HotSpot(TM) 64-Bit Server VM (21.0.4+8-LTS-274, mixed mode, emulated-client, sharing, tiered, compressed oops, compressed class ptrs, g1 gc, windows-amd64)
GC Precious Log:
 CardTable entry size: 512
 Card Set container configuration: InlinePtr #cards 5 size 8 Array Of Cards #cards 12 size 40 Howl #buckets 4 coarsen threshold 1843 Howl Bitmap #cards 512 size 80 coarsen threshold 460 Card regions per heap region 1 cards per card region 2048
 CPUs: 8 total, 8 available
 Memory: 7963M
 Large Page Support: Disabled
 NUMA Support: Disabled
 Compressed Oops: Enabled (32-bit)
 Heap Region Size: 1M
 Heap Min Capacity: 8M
 Heap Initial Capacity: 126M
 Heap Max Capacity: 1992M
 Pre-touch: Disabled
 Parallel Workers: 8
 Concurrent Workers: 2
 Concurrent Refinement Workers: 8
 Periodic GC: Disabled
Heap:
 garbage-first heap   total 58368K, used 34029K [0x0000000083800000, 0x0000000100000000)
  region size 1024K, 4 young (4096K), 2 survivors (2048K)
 Metaspace       used 60020K, committed 61440K, reserved 1114112K
  class space    used 8230K, committed 8768K, reserved 1048576K
GC Heap History (20 events):
Event: 4.121 GC heap before
{Heap before GC invocations=9 (full 0):
 garbage-first heap   total 48128K, used 22697K [0x0000000083800000, 0x0000000100000000)
  region size 1024K, 7 young (7168K), 3 survivors (3072K)
 Metaspace       used 35485K, committed 36096K, reserved 1114112K
  class space    used 4795K, committed 5056K, reserved 1048576K
}
Event: 4.123 GC heap after
{Heap after GC invocations=10 (full 0):
 garbage-first heap   total 48128K, used 20100K [0x0000000083800000, 0x0000000100000000)
  region size 1024K, 1 young (1024K), 1 survivors (1024K)
 Metaspace       used 35485K, committed 36096K, reserved 1114112K
  class space    used 4795K, committed 5056K, reserved 1048576K
}
Event: 4.418 GC heap before
{Heap before GC invocations=11 (full 0):
 garbage-first heap   total 48128K, used 41604K [0x0000000083800000, 0x0000000100000000)
  region size 1024K, 22 young (22528K), 1 survivors (1024K)
 Metaspace       used 38860K, committed 39552K, reserved 1114112K
  class space    used 5338K, committed 5632K, reserved 1048576K
}
Event: 4.420 GC heap after
{Heap after GC invocations=12 (full 0):
 garbage-first heap   total 48128K, used 21520K [0x0000000083800000, 0x0000000100000000)
  region size 1024K, 2 young (2048K), 2 survivors (2048K)
 Metaspace       used 38860K, committed 39552K, reserved 1114112K
  class space    used 5338K, committed 5632K, reserved 1048576K
}
Event: 4.709 GC heap before
{Heap before GC invocations=12 (full 0):
 garbage-first heap   total 48128K, used 42000K [0x0000000083800000, 0x0000000100000000)
  region size 1024K, 22 young (22528K), 2 survivors (2048K)
 Metaspace       used 41305K, committed 42048K, reserved 1114112K
  class space    used 5791K, committed 6144K, reserved 1048576K
}
Event: 4.713 GC heap after
{Heap after GC invocations=13 (full 0):
 garbage-first heap   total 48128K, used 22816K [0x0000000083800000, 0x0000000100000000)
  region size 1024K, 2 young (2048K), 2 survivors (2048K)
 Metaspace       used 41305K, committed 42048K, reserved 1114112K
  class space    used 5791K, committed 6144K, reserved 1048576K
}
Event: 13.520 GC heap before
{Heap before GC invocations=13 (full 0):
 garbage-first heap   total 48128K, used 41248K [0x0000000083800000, 0x0000000100000000)
  region size 1024K, 21 young (21504K), 2 survivors (2048K)
 Metaspace       used 45583K, committed 46400K, reserved 1114112K
  class space    used 6395K, committed 6784K, reserved 1048576K
}
Event: 13.525 GC heap after
{Heap after GC invocations=14 (full 0):
 garbage-first heap   total 58368K, used 24544K [0x0000000083800000, 0x0000000100000000)
  region size 1024K, 3 young (3072K), 3 survivors (3072K)
 Metaspace       used 45583K, committed 46400K, reserved 1114112K
  class space    used 6395K, committed 6784K, reserved 1048576K
}
Event: 14.575 GC heap before
{Heap before GC invocations=14 (full 0):
 garbage-first heap   total 58368K, used 50144K [0x0000000083800000, 0x0000000100000000)
  region size 1024K, 29 young (29696K), 3 survivors (3072K)
 Metaspace       used 52212K, committed 53056K, reserved 1114112K
  class space    used 7201K, committed 7552K, reserved 1048576K
}
Event: 14.580 GC heap after
{Heap after GC invocations=15 (full 0):
 garbage-first heap   total 58368K, used 27197K [0x0000000083800000, 0x0000000100000000)
  region size 1024K, 4 young (4096K), 4 survivors (4096K)
 Metaspace       used 52212K, committed 53056K, reserved 1114112K
  class space    used 7201K, committed 7552K, reserved 1048576K
}
Event: 15.217 GC heap before
{Heap before GC invocations=15 (full 0):
 garbage-first heap   total 58368K, used 49725K [0x0000000083800000, 0x0000000100000000)
  region size 1024K, 26 young (26624K), 4 survivors (4096K)
 Metaspace       used 58652K, committed 59584K, reserved 1114112K
  class space    used 8064K, committed 8448K, reserved 1048576K
}
Event: 15.221 GC heap after
{Heap after GC invocations=16 (full 0):
 garbage-first heap   total 58368K, used 31324K [0x0000000083800000, 0x0000000100000000)
  region size 1024K, 3 young (3072K), 3 survivors (3072K)
 Metaspace       used 58652K, committed 59584K, reserved 1114112K
  class space    used 8064K, committed 8448K, reserved 1048576K
}
Event: 16.919 GC heap before
{Heap before GC invocations=16 (full 0):
 garbage-first heap   total 58368K, used 35420K [0x0000000083800000, 0x0000000100000000)
  region size 1024K, 8 young (8192K), 3 survivors (3072K)
 Metaspace       used 59425K, committed 60288K, reserved 1114112K
  class space    used 8175K, committed 8576K, reserved 1048576K
}
Event: 16.924 GC heap after
{Heap after GC invocations=17 (full 0):
 garbage-first heap   total 58368K, used 31838K [0x0000000083800000, 0x0000000100000000)
  region size 1024K, 1 young (1024K), 1 survivors (1024K)
 Metaspace       used 59425K, committed 60288K, reserved 1114112K
  class space    used 8175K, committed 8576K, reserved 1048576K
}
Event: 137.540 GC heap before
{Heap before GC invocations=18 (full 0):
 garbage-first heap   total 58368K, used 50270K [0x0000000083800000, 0x0000000100000000)
  region size 1024K, 20 young (20480K), 1 survivors (1024K)
 Metaspace       used 60503K, committed 61440K, reserved 1114112K
  class space    used 8360K, committed 8768K, reserved 1048576K
}
Event: 137.543 GC heap after
{Heap after GC invocations=19 (full 0):
 garbage-first heap   total 58368K, used 32778K [0x0000000083800000, 0x0000000100000000)
  region size 1024K, 2 young (2048K), 2 survivors (2048K)
 Metaspace       used 60503K, committed 61440K, reserved 1114112K
  class space    used 8360K, committed 8768K, reserved 1048576K
}
Event: 332.531 GC heap before
{Heap before GC invocations=19 (full 0):
 garbage-first heap   total 58368K, used 50186K [0x0000000083800000, 0x0000000100000000)
  region size 1024K, 20 young (20480K), 2 survivors (2048K)
 Metaspace       used 60509K, committed 61440K, reserved 1114112K
  class space    used 8362K, committed 8768K, reserved 1048576K
}
Event: 332.543 GC heap after
{Heap after GC invocations=20 (full 0):
 garbage-first heap   total 58368K, used 32414K [0x0000000083800000, 0x0000000100000000)
  region size 1024K, 2 young (2048K), 2 survivors (2048K)
 Metaspace       used 60509K, committed 61440K, reserved 1114112K
  class space    used 8362K, committed 8768K, reserved 1048576K
}
Event: 542.480 GC heap before
{Heap before GC invocations=20 (full 0):
 garbage-first heap   total 58368K, used 49822K [0x0000000083800000, 0x0000000100000000)
  region size 1024K, 20 young (20480K), 2 survivors (2048K)
 Metaspace       used 60513K, committed 61440K, reserved 1114112K
  class space    used 8363K, committed 8768K, reserved 1048576K
}
Event: 542.538 GC heap after
{Heap after GC invocations=21 (full 0):
 garbage-first heap   total 58368K, used 33005K [0x0000000083800000, 0x0000000100000000)
  region size 1024K, 2 young (2048K), 2 survivors (2048K)
 Metaspace       used 60513K, committed 61440K, reserved 1114112K
  class space    used 8363K, committed 8768K, reserved 1048576K
}

